<?xml version="1.0" encoding="UTF-8"?>
<!-- Generated by org.testng.reporters.JUnitReportReporter -->
<testsuite hostname="LAPTOP-LFOGEP19" failures="0" tests="6" name="tests_API_Poorna.LoginTest_API_Poorna" time="11.408" errors="0" timestamp="2023-04-26T10:02:36 CDT" skipped="1">
  <testcase classname="tests_API_Poorna.LoginTest_API_Poorna" name="delete_Data" time="0.337"/>
  <system-out/>
  <testcase classname="tests_API_Poorna.LoginTest_API_Poorna" name="AddDataTC_02" time="0.284"/>
  <system-out/>
  <testcase classname="tests_API_Poorna.LoginTest_API_Poorna" name="update_Data_TC03" time="0.243"/>
  <system-out/>
  <testcase classname="tests_API_Poorna.LoginTest_API_Poorna" name="login_Tc_01" time="2.192"/>
  <system-out/>
  <testcase classname="tests_API_Poorna.LoginTest_API_Poorna" name="logout" time="8.352"/>
  <system-out/>
  <testcase classname="tests_API_Poorna.LoginTest_API_Poorna" name="getDataTC04">
    <skipped/>
  </testcase> <!-- getDataTC04 -->
  <system-out/>
</testsuite> <!-- tests_API_Poorna.LoginTest_API_Poorna -->
